<?xml version="1.0" encoding="UTF-8"?>
<!-- Generated by org.testng.reporters.JUnitReportReporter -->
<testsuite skipped="0" hostname="DESKTOP-9QBJ8LG" name="testScriptsFerrodirect2patient.RegressionTestFerro" tests="1" failures="0" timestamp="28 Jul 2020 07:22:18 GMT" time="30.896" errors="0">
  <testcase name="verifyProductSelectedisAddedtoCart" time="30.896" classname="testScriptsFerrodirect2patient.RegressionTestFerro"/>
</testsuite> <!-- testScriptsFerrodirect2patient.RegressionTestFerro -->
